12-Jun-2018 09:00:49.331 INFO [main] org.apache.catalina.startup.VersionLoggerListener.log Server version:        Apache Tomcat/8.5.23
12-Jun-2018 09:00:49.331 INFO [main] org.apache.catalina.startup.VersionLoggerListener.log Server built:          Sep 28 2017 10:30:11 UTC
12-Jun-2018 09:00:49.331 INFO [main] org.apache.catalina.startup.VersionLoggerListener.log Server number:         8.5.23.0
12-Jun-2018 09:00:49.331 INFO [main] org.apache.catalina.startup.VersionLoggerListener.log OS Name:               Windows 10
12-Jun-2018 09:00:49.331 INFO [main] org.apache.catalina.startup.VersionLoggerListener.log OS Version:            10.0
12-Jun-2018 09:00:49.363 INFO [main] org.apache.catalina.startup.VersionLoggerListener.log Architecture:          amd64
12-Jun-2018 09:00:49.363 INFO [main] org.apache.catalina.startup.VersionLoggerListener.log Java Home:             C:\Program Files\Java\jre1.8.0_161
12-Jun-2018 09:00:49.363 INFO [main] org.apache.catalina.startup.VersionLoggerListener.log JVM Version:           1.8.0_161-b12
12-Jun-2018 09:00:49.363 INFO [main] org.apache.catalina.startup.VersionLoggerListener.log JVM Vendor:            Oracle Corporation
12-Jun-2018 09:00:49.363 INFO [main] org.apache.catalina.startup.VersionLoggerListener.log CATALINA_BASE:         S:\softwares\Tomcat8.0
12-Jun-2018 09:00:49.363 INFO [main] org.apache.catalina.startup.VersionLoggerListener.log CATALINA_HOME:         S:\softwares\Tomcat8.0
12-Jun-2018 09:00:49.363 INFO [main] org.apache.catalina.startup.VersionLoggerListener.log Command line argument: -Dcatalina.home=S:\softwares\Tomcat8.0
12-Jun-2018 09:00:49.363 INFO [main] org.apache.catalina.startup.VersionLoggerListener.log Command line argument: -Dcatalina.base=S:\softwares\Tomcat8.0
12-Jun-2018 09:00:49.363 INFO [main] org.apache.catalina.startup.VersionLoggerListener.log Command line argument: -Djava.io.tmpdir=S:\softwares\Tomcat8.0\temp
12-Jun-2018 09:00:49.363 INFO [main] org.apache.catalina.startup.VersionLoggerListener.log Command line argument: -Djava.util.logging.manager=org.apache.juli.ClassLoaderLogManager
12-Jun-2018 09:00:49.378 INFO [main] org.apache.catalina.startup.VersionLoggerListener.log Command line argument: -Djava.util.logging.config.file=S:\softwares\Tomcat8.0\conf\logging.properties
12-Jun-2018 09:00:49.378 INFO [main] org.apache.catalina.startup.VersionLoggerListener.log Command line argument: exit
12-Jun-2018 09:00:49.378 INFO [main] org.apache.catalina.startup.VersionLoggerListener.log Command line argument: -Xms128m
12-Jun-2018 09:00:49.378 INFO [main] org.apache.catalina.startup.VersionLoggerListener.log Command line argument: -Xmx256m
12-Jun-2018 09:00:49.378 INFO [main] org.apache.catalina.core.AprLifecycleListener.lifecycleEvent The APR based Apache Tomcat Native library which allows optimal performance in production environments was not found on the java.library.path: [S:\softwares\Tomcat8.0\bin;C:\WINDOWS\Sun\Java\bin;C:\WINDOWS\system32;C:\WINDOWS;C:\ProgramData\Oracle\Java\javapath;S:\softwares\oraclexe\app\oracle\product\11.2.0\server\bin;C:\WINDOWS\system32;C:\WINDOWS;C:\WINDOWS\System32\Wbem;C:\WINDOWS\System32\WindowsPowerShell\v1.0\;C:\WINDOWS\System32\OpenSSH\;S:\softwares\nodejs\;C:\Program Files\Java\jdk1.8.0_161\bin;S:\softwares\oraclexe\app\oracle\product\11.2.0\server\jdbc\lib\ojdbc5.jar;S:\softwares\Git\cmd;C:\WINDOWS\system32\config\systemprofile\AppData\Local\Microsoft\WindowsApps;.]
12-Jun-2018 09:00:50.409 INFO [main] org.apache.coyote.AbstractProtocol.init Initializing ProtocolHandler ["http-nio-7070"]
12-Jun-2018 09:00:51.034 INFO [main] org.apache.tomcat.util.net.NioSelectorPool.getSharedSelector Using a shared selector for servlet write/read
12-Jun-2018 09:00:51.050 INFO [main] org.apache.coyote.AbstractProtocol.init Initializing ProtocolHandler ["ajp-nio-8009"]
12-Jun-2018 09:00:51.050 INFO [main] org.apache.tomcat.util.net.NioSelectorPool.getSharedSelector Using a shared selector for servlet write/read
12-Jun-2018 09:00:51.050 INFO [main] org.apache.catalina.startup.Catalina.load Initialization processed in 2900 ms
12-Jun-2018 09:00:51.222 INFO [main] org.apache.catalina.core.StandardService.startInternal Starting service [Catalina]
12-Jun-2018 09:00:51.222 INFO [main] org.apache.catalina.core.StandardEngine.startInternal Starting Servlet Engine: Apache Tomcat/8.5.23
12-Jun-2018 09:00:51.456 INFO [localhost-startStop-1] org.apache.catalina.startup.HostConfig.deployWAR Deploying web application archive [S:\softwares\Tomcat8.0\webapps\test.war]
12-Jun-2018 09:00:52.878 INFO [localhost-startStop-1] org.apache.catalina.startup.HostConfig.deployWAR Deployment of web application archive [S:\softwares\Tomcat8.0\webapps\test.war] has finished in [1,422] ms
12-Jun-2018 09:00:52.941 INFO [localhost-startStop-1] org.apache.catalina.startup.HostConfig.deployDirectory Deploying web application directory [S:\softwares\Tomcat8.0\webapps\docs]
12-Jun-2018 09:00:53.097 INFO [localhost-startStop-1] org.apache.catalina.startup.HostConfig.deployDirectory Deployment of web application directory [S:\softwares\Tomcat8.0\webapps\docs] has finished in [156] ms
12-Jun-2018 09:00:53.097 INFO [localhost-startStop-1] org.apache.catalina.startup.HostConfig.deployDirectory Deploying web application directory [S:\softwares\Tomcat8.0\webapps\jsp-app1]
12-Jun-2018 09:00:54.144 INFO [localhost-startStop-1] org.apache.jasper.servlet.TldScanner.scanJars At least one JAR was scanned for TLDs yet contained no TLDs. Enable debug logging for this logger for a complete list of JARs that were scanned but no TLDs were found in them. Skipping unneeded JARs during scanning can improve startup time and JSP compilation time.
12-Jun-2018 09:00:54.144 INFO [localhost-startStop-1] org.apache.catalina.startup.HostConfig.deployDirectory Deployment of web application directory [S:\softwares\Tomcat8.0\webapps\jsp-app1] has finished in [1,047] ms
12-Jun-2018 09:00:54.159 INFO [localhost-startStop-1] org.apache.catalina.startup.HostConfig.deployDirectory Deploying web application directory [S:\softwares\Tomcat8.0\webapps\jsp-app2]
12-Jun-2018 09:00:54.237 INFO [localhost-startStop-1] org.apache.catalina.startup.HostConfig.deployDirectory Deployment of web application directory [S:\softwares\Tomcat8.0\webapps\jsp-app2] has finished in [78] ms
12-Jun-2018 09:00:54.237 INFO [localhost-startStop-1] org.apache.catalina.startup.HostConfig.deployDirectory Deploying web application directory [S:\softwares\Tomcat8.0\webapps\jsp-app3]
12-Jun-2018 09:00:54.269 INFO [localhost-startStop-1] org.apache.catalina.startup.HostConfig.deployDirectory Deployment of web application directory [S:\softwares\Tomcat8.0\webapps\jsp-app3] has finished in [32] ms
12-Jun-2018 09:00:54.269 INFO [localhost-startStop-1] org.apache.catalina.startup.HostConfig.deployDirectory Deploying web application directory [S:\softwares\Tomcat8.0\webapps\manager]
12-Jun-2018 09:00:54.566 INFO [localhost-startStop-1] org.apache.catalina.startup.HostConfig.deployDirectory Deployment of web application directory [S:\softwares\Tomcat8.0\webapps\manager] has finished in [297] ms
12-Jun-2018 09:00:54.566 INFO [localhost-startStop-1] org.apache.catalina.startup.HostConfig.deployDirectory Deploying web application directory [S:\softwares\Tomcat8.0\webapps\New folder]
12-Jun-2018 09:00:54.722 INFO [localhost-startStop-1] org.apache.catalina.startup.HostConfig.deployDirectory Deployment of web application directory [S:\softwares\Tomcat8.0\webapps\New folder] has finished in [156] ms
12-Jun-2018 09:00:54.722 INFO [localhost-startStop-1] org.apache.catalina.startup.HostConfig.deployDirectory Deploying web application directory [S:\softwares\Tomcat8.0\webapps\practise]
12-Jun-2018 09:00:54.941 INFO [localhost-startStop-1] org.apache.catalina.startup.HostConfig.deployDirectory Deployment of web application directory [S:\softwares\Tomcat8.0\webapps\practise] has finished in [219] ms
12-Jun-2018 09:00:54.956 INFO [localhost-startStop-1] org.apache.catalina.startup.HostConfig.deployDirectory Deploying web application directory [S:\softwares\Tomcat8.0\webapps\Request_Dispatchers]
12-Jun-2018 09:00:55.378 INFO [localhost-startStop-1] org.apache.catalina.startup.HostConfig.deployDirectory Deployment of web application directory [S:\softwares\Tomcat8.0\webapps\Request_Dispatchers] has finished in [422] ms
12-Jun-2018 09:00:55.378 INFO [localhost-startStop-1] org.apache.catalina.startup.HostConfig.deployDirectory Deploying web application directory [S:\softwares\Tomcat8.0\webapps\ROOT]
12-Jun-2018 09:00:55.487 INFO [localhost-startStop-1] org.apache.catalina.startup.HostConfig.deployDirectory Deployment of web application directory [S:\softwares\Tomcat8.0\webapps\ROOT] has finished in [109] ms
12-Jun-2018 09:00:55.487 INFO [localhost-startStop-1] org.apache.catalina.startup.HostConfig.deployDirectory Deploying web application directory [S:\softwares\Tomcat8.0\webapps\servlets-app1]
12-Jun-2018 09:00:55.597 INFO [localhost-startStop-1] org.apache.catalina.startup.HostConfig.deployDirectory Deployment of web application directory [S:\softwares\Tomcat8.0\webapps\servlets-app1] has finished in [110] ms
12-Jun-2018 09:00:55.597 INFO [localhost-startStop-1] org.apache.catalina.startup.HostConfig.deployDirectory Deploying web application directory [S:\softwares\Tomcat8.0\webapps\servlets-app2]
12-Jun-2018 09:00:56.112 INFO [localhost-startStop-1] org.apache.catalina.startup.HostConfig.deployDirectory Deployment of web application directory [S:\softwares\Tomcat8.0\webapps\servlets-app2] has finished in [515] ms
12-Jun-2018 09:00:56.112 INFO [localhost-startStop-1] org.apache.catalina.startup.HostConfig.deployDirectory Deploying web application directory [S:\softwares\Tomcat8.0\webapps\servlets-app3]
12-Jun-2018 09:00:56.862 INFO [localhost-startStop-1] org.apache.catalina.startup.HostConfig.deployDirectory Deployment of web application directory [S:\softwares\Tomcat8.0\webapps\servlets-app3] has finished in [750] ms
12-Jun-2018 09:00:56.862 INFO [localhost-startStop-1] org.apache.catalina.startup.HostConfig.deployDirectory Deploying web application directory [S:\softwares\Tomcat8.0\webapps\servlets-app4]
12-Jun-2018 09:00:56.987 INFO [localhost-startStop-1] org.apache.catalina.startup.HostConfig.deployDirectory Deployment of web application directory [S:\softwares\Tomcat8.0\webapps\servlets-app4] has finished in [125] ms
12-Jun-2018 09:00:56.987 INFO [localhost-startStop-1] org.apache.catalina.startup.HostConfig.deployDirectory Deploying web application directory [S:\softwares\Tomcat8.0\webapps\servlets-app5]
12-Jun-2018 09:00:57.175 INFO [localhost-startStop-1] org.apache.catalina.startup.HostConfig.deployDirectory Deployment of web application directory [S:\softwares\Tomcat8.0\webapps\servlets-app5] has finished in [188] ms
12-Jun-2018 09:00:57.191 INFO [main] org.apache.coyote.AbstractProtocol.start Starting ProtocolHandler ["http-nio-7070"]
12-Jun-2018 09:00:57.206 INFO [main] org.apache.coyote.AbstractProtocol.start Starting ProtocolHandler ["ajp-nio-8009"]
12-Jun-2018 09:00:57.222 INFO [main] org.apache.catalina.startup.Catalina.start Server startup in 6165 ms
12-Jun-2018 09:00:59.378 INFO [Thread-6] org.apache.coyote.AbstractProtocol.pause Pausing ProtocolHandler ["http-nio-7070"]
12-Jun-2018 09:00:59.628 INFO [Thread-6] org.apache.coyote.AbstractProtocol.pause Pausing ProtocolHandler ["ajp-nio-8009"]
12-Jun-2018 09:00:59.800 INFO [Thread-6] org.apache.catalina.core.StandardService.stopInternal Stopping service [Catalina]
12-Jun-2018 09:01:00.003 INFO [Thread-6] org.apache.coyote.AbstractProtocol.stop Stopping ProtocolHandler ["http-nio-7070"]
12-Jun-2018 09:01:00.019 INFO [Thread-6] org.apache.coyote.AbstractProtocol.stop Stopping ProtocolHandler ["ajp-nio-8009"]
