29-May-2018 07:47:38.409 INFO [main] org.apache.catalina.startup.VersionLoggerListener.log Server version:        Apache Tomcat/8.5.23
29-May-2018 07:47:38.415 INFO [main] org.apache.catalina.startup.VersionLoggerListener.log Server built:          Sep 28 2017 10:30:11 UTC
29-May-2018 07:47:38.416 INFO [main] org.apache.catalina.startup.VersionLoggerListener.log Server number:         8.5.23.0
29-May-2018 07:47:38.416 INFO [main] org.apache.catalina.startup.VersionLoggerListener.log OS Name:               Windows 10
29-May-2018 07:47:38.416 INFO [main] org.apache.catalina.startup.VersionLoggerListener.log OS Version:            10.0
29-May-2018 07:47:38.428 INFO [main] org.apache.catalina.startup.VersionLoggerListener.log Architecture:          amd64
29-May-2018 07:47:38.428 INFO [main] org.apache.catalina.startup.VersionLoggerListener.log Java Home:             C:\Program Files\Java\jre1.8.0_161
29-May-2018 07:47:38.428 INFO [main] org.apache.catalina.startup.VersionLoggerListener.log JVM Version:           1.8.0_161-b12
29-May-2018 07:47:38.428 INFO [main] org.apache.catalina.startup.VersionLoggerListener.log JVM Vendor:            Oracle Corporation
29-May-2018 07:47:38.428 INFO [main] org.apache.catalina.startup.VersionLoggerListener.log CATALINA_BASE:         S:\softwares\Tomcat8.0
29-May-2018 07:47:38.429 INFO [main] org.apache.catalina.startup.VersionLoggerListener.log CATALINA_HOME:         S:\softwares\Tomcat8.0
29-May-2018 07:47:38.429 INFO [main] org.apache.catalina.startup.VersionLoggerListener.log Command line argument: -Dcatalina.home=S:\softwares\Tomcat8.0
29-May-2018 07:47:38.429 INFO [main] org.apache.catalina.startup.VersionLoggerListener.log Command line argument: -Dcatalina.base=S:\softwares\Tomcat8.0
29-May-2018 07:47:38.429 INFO [main] org.apache.catalina.startup.VersionLoggerListener.log Command line argument: -Djava.io.tmpdir=S:\softwares\Tomcat8.0\temp
29-May-2018 07:47:38.430 INFO [main] org.apache.catalina.startup.VersionLoggerListener.log Command line argument: -Djava.util.logging.manager=org.apache.juli.ClassLoaderLogManager
29-May-2018 07:47:38.430 INFO [main] org.apache.catalina.startup.VersionLoggerListener.log Command line argument: -Djava.util.logging.config.file=S:\softwares\Tomcat8.0\conf\logging.properties
29-May-2018 07:47:38.430 INFO [main] org.apache.catalina.startup.VersionLoggerListener.log Command line argument: exit
29-May-2018 07:47:38.430 INFO [main] org.apache.catalina.startup.VersionLoggerListener.log Command line argument: -Xms128m
29-May-2018 07:47:38.430 INFO [main] org.apache.catalina.startup.VersionLoggerListener.log Command line argument: -Xmx256m
29-May-2018 07:47:38.435 INFO [main] org.apache.catalina.core.AprLifecycleListener.lifecycleEvent The APR based Apache Tomcat Native library which allows optimal performance in production environments was not found on the java.library.path: [S:\softwares\Tomcat8.0\bin;C:\WINDOWS\Sun\Java\bin;C:\WINDOWS\system32;C:\WINDOWS;S:\softwares\oraclexe\app\oracle\product\11.2.0\server\bin;;C:\ProgramData\Oracle\Java\javapath;C:\WINDOWS\system32;C:\WINDOWS;C:\WINDOWS\System32\Wbem;C:\WINDOWS\System32\WindowsPowerShell\v1.0\;S:\softwares\Java\Java_1.8\jdk1.8.0_161\bin;C:\WINDOWS\System32\OpenSSH\;S:\softwares\nodejs\;C:\Program Files\Java\jdk1.8.0_161\bin;S:\softwares\oraclexe\app\oracle\product\11.2.0\server\jdbc\lib\ojdbc5.jar;C:\WINDOWS\system32\config\systemprofile\AppData\Local\Microsoft\WindowsApps;.]
29-May-2018 07:47:38.619 INFO [main] org.apache.coyote.AbstractProtocol.init Initializing ProtocolHandler ["http-nio-7070"]
29-May-2018 07:47:39.229 INFO [main] org.apache.tomcat.util.net.NioSelectorPool.getSharedSelector Using a shared selector for servlet write/read
29-May-2018 07:47:39.232 INFO [main] org.apache.coyote.AbstractProtocol.init Initializing ProtocolHandler ["ajp-nio-8009"]
29-May-2018 07:47:39.235 INFO [main] org.apache.tomcat.util.net.NioSelectorPool.getSharedSelector Using a shared selector for servlet write/read
29-May-2018 07:47:39.235 INFO [main] org.apache.catalina.startup.Catalina.load Initialization processed in 1475 ms
29-May-2018 07:47:39.318 INFO [main] org.apache.catalina.core.StandardService.startInternal Starting service [Catalina]
29-May-2018 07:47:39.319 INFO [main] org.apache.catalina.core.StandardEngine.startInternal Starting Servlet Engine: Apache Tomcat/8.5.23
29-May-2018 07:47:39.512 INFO [localhost-startStop-1] org.apache.catalina.startup.HostConfig.deployWAR Deploying web application archive [S:\softwares\Tomcat8.0\webapps\test.war]
29-May-2018 07:47:40.078 INFO [localhost-startStop-1] org.apache.catalina.startup.HostConfig.deployWAR Deployment of web application archive [S:\softwares\Tomcat8.0\webapps\test.war] has finished in [565] ms
29-May-2018 07:47:40.142 INFO [localhost-startStop-1] org.apache.catalina.startup.HostConfig.deployDirectory Deploying web application directory [S:\softwares\Tomcat8.0\webapps\docs]
29-May-2018 07:47:40.320 INFO [localhost-startStop-1] org.apache.catalina.startup.HostConfig.deployDirectory Deployment of web application directory [S:\softwares\Tomcat8.0\webapps\docs] has finished in [178] ms
29-May-2018 07:47:40.321 INFO [localhost-startStop-1] org.apache.catalina.startup.HostConfig.deployDirectory Deploying web application directory [S:\softwares\Tomcat8.0\webapps\jsp-app1]
29-May-2018 07:47:40.868 INFO [localhost-startStop-1] org.apache.jasper.servlet.TldScanner.scanJars At least one JAR was scanned for TLDs yet contained no TLDs. Enable debug logging for this logger for a complete list of JARs that were scanned but no TLDs were found in them. Skipping unneeded JARs during scanning can improve startup time and JSP compilation time.
29-May-2018 07:47:40.871 INFO [localhost-startStop-1] org.apache.catalina.startup.HostConfig.deployDirectory Deployment of web application directory [S:\softwares\Tomcat8.0\webapps\jsp-app1] has finished in [551] ms
29-May-2018 07:47:40.871 INFO [localhost-startStop-1] org.apache.catalina.startup.HostConfig.deployDirectory Deploying web application directory [S:\softwares\Tomcat8.0\webapps\jsp-app2]
29-May-2018 07:47:40.888 INFO [localhost-startStop-1] org.apache.catalina.startup.HostConfig.deployDirectory Deployment of web application directory [S:\softwares\Tomcat8.0\webapps\jsp-app2] has finished in [17] ms
29-May-2018 07:47:40.889 INFO [localhost-startStop-1] org.apache.catalina.startup.HostConfig.deployDirectory Deploying web application directory [S:\softwares\Tomcat8.0\webapps\jsp-app3]
29-May-2018 07:47:40.917 INFO [localhost-startStop-1] org.apache.catalina.startup.HostConfig.deployDirectory Deployment of web application directory [S:\softwares\Tomcat8.0\webapps\jsp-app3] has finished in [27] ms
29-May-2018 07:47:40.917 INFO [localhost-startStop-1] org.apache.catalina.startup.HostConfig.deployDirectory Deploying web application directory [S:\softwares\Tomcat8.0\webapps\manager]
29-May-2018 07:47:41.081 INFO [localhost-startStop-1] org.apache.catalina.startup.HostConfig.deployDirectory Deployment of web application directory [S:\softwares\Tomcat8.0\webapps\manager] has finished in [164] ms
29-May-2018 07:47:41.082 INFO [localhost-startStop-1] org.apache.catalina.startup.HostConfig.deployDirectory Deploying web application directory [S:\softwares\Tomcat8.0\webapps\New folder]
29-May-2018 07:47:41.213 INFO [localhost-startStop-1] org.apache.catalina.startup.HostConfig.deployDirectory Deployment of web application directory [S:\softwares\Tomcat8.0\webapps\New folder] has finished in [132] ms
29-May-2018 07:47:41.214 INFO [localhost-startStop-1] org.apache.catalina.startup.HostConfig.deployDirectory Deploying web application directory [S:\softwares\Tomcat8.0\webapps\Request_Dispatchers]
29-May-2018 07:47:41.397 INFO [localhost-startStop-1] org.apache.catalina.startup.HostConfig.deployDirectory Deployment of web application directory [S:\softwares\Tomcat8.0\webapps\Request_Dispatchers] has finished in [184] ms
29-May-2018 07:47:41.397 INFO [localhost-startStop-1] org.apache.catalina.startup.HostConfig.deployDirectory Deploying web application directory [S:\softwares\Tomcat8.0\webapps\ROOT]
29-May-2018 07:47:41.465 INFO [localhost-startStop-1] org.apache.catalina.startup.HostConfig.deployDirectory Deployment of web application directory [S:\softwares\Tomcat8.0\webapps\ROOT] has finished in [67] ms
29-May-2018 07:47:41.465 INFO [localhost-startStop-1] org.apache.catalina.startup.HostConfig.deployDirectory Deploying web application directory [S:\softwares\Tomcat8.0\webapps\servlets-app1]
29-May-2018 07:47:41.531 INFO [localhost-startStop-1] org.apache.catalina.startup.HostConfig.deployDirectory Deployment of web application directory [S:\softwares\Tomcat8.0\webapps\servlets-app1] has finished in [66] ms
29-May-2018 07:47:41.531 INFO [localhost-startStop-1] org.apache.catalina.startup.HostConfig.deployDirectory Deploying web application directory [S:\softwares\Tomcat8.0\webapps\servlets-app2]
29-May-2018 07:47:41.912 INFO [localhost-startStop-1] org.apache.catalina.startup.HostConfig.deployDirectory Deployment of web application directory [S:\softwares\Tomcat8.0\webapps\servlets-app2] has finished in [381] ms
29-May-2018 07:47:41.913 INFO [localhost-startStop-1] org.apache.catalina.startup.HostConfig.deployDirectory Deploying web application directory [S:\softwares\Tomcat8.0\webapps\servlets-app3]
29-May-2018 07:47:42.327 INFO [localhost-startStop-1] org.apache.catalina.startup.HostConfig.deployDirectory Deployment of web application directory [S:\softwares\Tomcat8.0\webapps\servlets-app3] has finished in [413] ms
29-May-2018 07:47:42.328 INFO [localhost-startStop-1] org.apache.catalina.startup.HostConfig.deployDirectory Deploying web application directory [S:\softwares\Tomcat8.0\webapps\servlets-app4]
29-May-2018 07:47:42.416 INFO [localhost-startStop-1] org.apache.catalina.startup.HostConfig.deployDirectory Deployment of web application directory [S:\softwares\Tomcat8.0\webapps\servlets-app4] has finished in [88] ms
29-May-2018 07:47:42.416 INFO [localhost-startStop-1] org.apache.catalina.startup.HostConfig.deployDirectory Deploying web application directory [S:\softwares\Tomcat8.0\webapps\servlets-app5]
29-May-2018 07:47:42.488 INFO [localhost-startStop-1] org.apache.catalina.startup.HostConfig.deployDirectory Deployment of web application directory [S:\softwares\Tomcat8.0\webapps\servlets-app5] has finished in [72] ms
29-May-2018 07:47:42.511 INFO [main] org.apache.coyote.AbstractProtocol.start Starting ProtocolHandler ["http-nio-7070"]
29-May-2018 07:47:42.524 INFO [main] org.apache.coyote.AbstractProtocol.start Starting ProtocolHandler ["ajp-nio-8009"]
29-May-2018 07:47:42.527 INFO [main] org.apache.catalina.startup.Catalina.start Server startup in 3292 ms
29-May-2018 07:49:04.097 INFO [Thread-6] org.apache.coyote.AbstractProtocol.pause Pausing ProtocolHandler ["http-nio-7070"]
29-May-2018 07:49:04.264 INFO [Thread-6] org.apache.coyote.AbstractProtocol.pause Pausing ProtocolHandler ["ajp-nio-8009"]
29-May-2018 07:49:04.435 INFO [Thread-6] org.apache.catalina.core.StandardService.stopInternal Stopping service [Catalina]
29-May-2018 07:49:04.596 INFO [Thread-6] org.apache.coyote.AbstractProtocol.stop Stopping ProtocolHandler ["http-nio-7070"]
29-May-2018 07:49:04.601 INFO [Thread-6] org.apache.coyote.AbstractProtocol.stop Stopping ProtocolHandler ["ajp-nio-8009"]
