[2018-05-22 07:12:18] [info]  [  432] Commons Daemon procrun (1.0.15.0 64-bit) started
[2018-05-22 07:12:19] [info]  [  432] Running 'Tomcat8' Service...
[2018-05-22 07:12:19] [info]  [ 7312] Starting service...
[2018-05-22 07:12:26] [info]  [ 7312] Service started in 5838 ms.
[2018-05-22 07:18:50] [info]  [11892] Stopping service...
[2018-05-22 07:18:52] [info]  [11892] Service stop thread completed.
[2018-05-22 07:18:52] [info]  [  432] Run service finished.
[2018-05-22 07:18:53] [info]  [  432] Commons Daemon procrun finished
[2018-05-22 07:47:15] [info]  [  996] Commons Daemon procrun (1.0.15.0 64-bit) started
[2018-05-22 07:47:15] [info]  [  996] Running 'Tomcat8' Service...
[2018-05-22 07:47:16] [info]  [ 7684] Starting service...
[2018-05-22 07:47:17] [info]  [ 7684] Service started in 1231 ms.
[2018-05-22 07:52:18] [info]  [ 4836] Stopping service...
[2018-05-22 07:52:19] [info]  [ 4836] Service stop thread completed.
[2018-05-22 07:52:19] [info]  [  996] Run service finished.
[2018-05-22 07:52:19] [info]  [  996] Commons Daemon procrun finished
[2018-05-22 07:52:29] [info]  [ 8316] Commons Daemon procrun (1.0.15.0 64-bit) started
[2018-05-22 07:52:29] [info]  [ 8316] Running 'Tomcat8' Service...
[2018-05-22 07:52:29] [info]  [11340] Starting service...
[2018-05-22 07:52:31] [info]  [11340] Service started in 1341 ms.
[2018-05-22 07:55:11] [info]  [ 5460] Stopping service...
[2018-05-22 07:55:12] [info]  [ 5460] Service stop thread completed.
[2018-05-22 07:55:12] [info]  [ 8316] Run service finished.
[2018-05-22 07:55:12] [info]  [ 8316] Commons Daemon procrun finished
[2018-05-22 07:55:25] [info]  [ 6608] Commons Daemon procrun (1.0.15.0 64-bit) started
[2018-05-22 07:55:25] [info]  [ 6608] Running 'Tomcat8' Service...
[2018-05-22 07:55:25] [info]  [11940] Starting service...
[2018-05-22 07:55:26] [info]  [11940] Service started in 1266 ms.
[2018-05-22 07:59:32] [info]  [ 9148] Stopping service...
[2018-05-22 07:59:33] [info]  [ 9148] Service stop thread completed.
[2018-05-22 07:59:33] [info]  [ 6608] Run service finished.
[2018-05-22 07:59:34] [info]  [ 6608] Commons Daemon procrun finished
[2018-05-22 07:59:44] [info]  [ 4776] Commons Daemon procrun (1.0.15.0 64-bit) started
[2018-05-22 07:59:44] [info]  [ 4776] Running 'Tomcat8' Service...
[2018-05-22 07:59:44] [info]  [  832] Starting service...
[2018-05-22 07:59:45] [info]  [  832] Service started in 1200 ms.
[2018-05-22 08:02:05] [info]  [ 6792] Stopping service...
[2018-05-22 08:02:06] [info]  [ 6792] Service stop thread completed.
[2018-05-22 08:02:07] [info]  [ 4776] Run service finished.
[2018-05-22 08:02:07] [info]  [ 4776] Commons Daemon procrun finished
[2018-05-22 08:02:16] [info]  [ 9656] Commons Daemon procrun (1.0.15.0 64-bit) started
[2018-05-22 08:02:16] [info]  [ 9656] Running 'Tomcat8' Service...
[2018-05-22 08:02:16] [info]  [ 5516] Starting service...
[2018-05-22 08:02:17] [info]  [ 5516] Service started in 1228 ms.
[2018-05-22 08:03:11] [info]  [ 6120] Stopping service...
[2018-05-22 08:03:12] [info]  [ 6120] Service stop thread completed.
[2018-05-22 08:03:13] [info]  [ 9656] Run service finished.
[2018-05-22 08:03:13] [info]  [ 9656] Commons Daemon procrun finished
[2018-05-22 08:03:34] [info]  [11868] Commons Daemon procrun (1.0.15.0 64-bit) started
[2018-05-22 08:03:35] [info]  [11868] Running 'Tomcat8' Service...
[2018-05-22 08:03:35] [info]  [11728] Starting service...
[2018-05-22 08:03:36] [info]  [11728] Service started in 1238 ms.
[2018-05-22 08:04:44] [info]  [12196] Stopping service...
[2018-05-22 08:04:46] [info]  [12196] Service stop thread completed.
[2018-05-22 08:04:46] [info]  [11868] Run service finished.
[2018-05-22 08:04:46] [info]  [11868] Commons Daemon procrun finished
[2018-05-22 08:04:55] [info]  [12116] Commons Daemon procrun (1.0.15.0 64-bit) started
[2018-05-22 08:04:55] [info]  [12116] Running 'Tomcat8' Service...
[2018-05-22 08:04:55] [info]  [ 2384] Starting service...
[2018-05-22 08:04:56] [info]  [ 2384] Service started in 1244 ms.
[2018-05-22 08:06:23] [info]  [12060] Stopping service...
[2018-05-22 08:06:25] [info]  [12060] Service stop thread completed.
[2018-05-22 08:06:25] [info]  [12116] Run service finished.
[2018-05-22 08:06:25] [info]  [12116] Commons Daemon procrun finished
[2018-05-22 08:06:34] [info]  [10808] Commons Daemon procrun (1.0.15.0 64-bit) started
[2018-05-22 08:06:34] [info]  [10808] Running 'Tomcat8' Service...
[2018-05-22 08:06:34] [info]  [10064] Starting service...
[2018-05-22 08:06:36] [info]  [10064] Service started in 1232 ms.
[2018-05-22 08:31:04] [info]  [12084] Stopping service...
[2018-05-22 08:31:05] [info]  [12084] Service stop thread completed.
[2018-05-22 08:31:05] [info]  [10808] Run service finished.
[2018-05-22 08:31:05] [info]  [10808] Commons Daemon procrun finished
[2018-05-22 08:31:15] [info]  [ 7172] Commons Daemon procrun (1.0.15.0 64-bit) started
[2018-05-22 08:31:15] [info]  [ 7172] Running 'Tomcat8' Service...
[2018-05-22 08:31:15] [info]  [  232] Starting service...
[2018-05-22 08:31:16] [info]  [  232] Service started in 1259 ms.
[2018-05-22 08:35:39] [info]  [ 8800] Stopping service...
[2018-05-22 08:35:40] [info]  [ 8800] Service stop thread completed.
[2018-05-22 08:35:41] [info]  [ 7172] Run service finished.
[2018-05-22 08:35:41] [info]  [ 7172] Commons Daemon procrun finished
[2018-05-22 08:35:51] [info]  [ 1620] Commons Daemon procrun (1.0.15.0 64-bit) started
[2018-05-22 08:35:51] [info]  [ 1620] Running 'Tomcat8' Service...
[2018-05-22 08:35:51] [info]  [ 7340] Starting service...
[2018-05-22 08:35:53] [info]  [ 7340] Service started in 1425 ms.
[2018-05-22 08:48:13] [info]  [ 5744] Stopping service...
[2018-05-22 08:48:14] [info]  [ 5744] Service stop thread completed.
[2018-05-22 08:48:14] [info]  [ 1620] Run service finished.
[2018-05-22 08:48:15] [info]  [ 1620] Commons Daemon procrun finished
