[2018-05-18 08:12:09] [info]  [ 6100] Commons Daemon procrun (1.0.15.0 64-bit) started
[2018-05-18 08:12:09] [info]  [ 6100] Running 'Tomcat8' Service...
[2018-05-18 08:12:10] [info]  [ 2140] Starting service...
[2018-05-18 08:12:12] [info]  [ 2140] Service started in 2238 ms.
[2018-05-18 08:13:29] [info]  [10652] Stopping service...
[2018-05-18 08:13:30] [info]  [10652] Service stop thread completed.
[2018-05-18 08:13:31] [info]  [ 6100] Run service finished.
[2018-05-18 08:13:31] [info]  [ 6100] Commons Daemon procrun finished
[2018-05-18 08:14:50] [info]  [ 6800] Commons Daemon procrun (1.0.15.0 64-bit) started
[2018-05-18 08:14:51] [info]  [ 6800] Running 'Tomcat8' Service...
[2018-05-18 08:14:51] [info]  [10864] Starting service...
[2018-05-18 08:14:53] [info]  [10864] Service started in 1353 ms.
[2018-05-18 08:16:42] [info]  [ 9668] Stopping service...
[2018-05-18 08:16:43] [info]  [ 9668] Service stop thread completed.
[2018-05-18 08:16:44] [info]  [ 6800] Run service finished.
[2018-05-18 08:16:44] [info]  [ 6800] Commons Daemon procrun finished
[2018-05-18 08:17:09] [info]  [ 9684] Commons Daemon procrun (1.0.15.0 64-bit) started
[2018-05-18 08:17:09] [info]  [ 9684] Running 'Tomcat8' Service...
[2018-05-18 08:17:09] [info]  [ 5052] Starting service...
[2018-05-18 08:17:11] [info]  [ 5052] Service started in 1211 ms.
[2018-05-18 08:27:25] [info]  [ 7816] Stopping service...
[2018-05-18 08:27:26] [info]  [ 7816] Service stop thread completed.
[2018-05-18 08:27:27] [info]  [ 9684] Run service finished.
[2018-05-18 08:27:27] [info]  [ 9684] Commons Daemon procrun finished
[2018-05-18 08:27:40] [info]  [  368] Commons Daemon procrun (1.0.15.0 64-bit) started
[2018-05-18 08:27:40] [info]  [  368] Running 'Tomcat8' Service...
[2018-05-18 08:27:40] [info]  [ 7916] Starting service...
[2018-05-18 08:27:41] [info]  [ 7916] Service started in 1198 ms.
[2018-05-18 08:33:56] [info]  [ 8308] Stopping service...
[2018-05-18 08:33:57] [info]  [ 8308] Service stop thread completed.
[2018-05-18 08:33:58] [info]  [  368] Run service finished.
[2018-05-18 08:33:58] [info]  [  368] Commons Daemon procrun finished
[2018-05-18 08:34:08] [info]  [ 2404] Commons Daemon procrun (1.0.15.0 64-bit) started
[2018-05-18 08:34:08] [info]  [ 2404] Running 'Tomcat8' Service...
[2018-05-18 08:34:08] [info]  [10032] Starting service...
[2018-05-18 08:34:09] [info]  [10032] Service started in 1252 ms.
[2018-05-18 08:37:55] [info]  [ 1900] Stopping service...
[2018-05-18 08:37:56] [info]  [ 1900] Service stop thread completed.
[2018-05-18 08:37:56] [info]  [ 2404] Run service finished.
[2018-05-18 08:37:56] [info]  [ 2404] Commons Daemon procrun finished
[2018-05-18 08:38:42] [info]  [ 5900] Commons Daemon procrun (1.0.15.0 64-bit) started
[2018-05-18 08:38:42] [info]  [ 5900] Running 'Tomcat8' Service...
[2018-05-18 08:38:42] [info]  [ 8756] Starting service...
[2018-05-18 08:38:43] [info]  [ 8756] Service started in 1225 ms.
[2018-05-18 08:43:13] [info]  [  164] Stopping service...
[2018-05-18 08:43:14] [info]  [  164] Service stop thread completed.
[2018-05-18 08:43:15] [info]  [ 5900] Run service finished.
[2018-05-18 08:43:15] [info]  [ 5900] Commons Daemon procrun finished
[2018-05-18 08:43:25] [info]  [ 4064] Commons Daemon procrun (1.0.15.0 64-bit) started
[2018-05-18 08:43:25] [info]  [ 4064] Running 'Tomcat8' Service...
[2018-05-18 08:43:25] [info]  [ 5288] Starting service...
[2018-05-18 08:43:26] [info]  [ 5288] Service started in 1225 ms.
[2018-05-18 09:00:52] [info]  [ 2364] Stopping service...
[2018-05-18 09:00:53] [info]  [ 2364] Service stop thread completed.
[2018-05-18 09:00:53] [info]  [ 4064] Run service finished.
[2018-05-18 09:00:53] [info]  [ 4064] Commons Daemon procrun finished
[2018-05-18 09:01:12] [info]  [ 7476] Commons Daemon procrun (1.0.15.0 64-bit) started
[2018-05-18 09:01:12] [info]  [ 7476] Running 'Tomcat8' Service...
[2018-05-18 09:01:12] [info]  [ 8112] Starting service...
[2018-05-18 09:01:14] [info]  [ 8112] Service started in 1221 ms.
[2018-05-18 09:11:29] [info]  [ 1380] Stopping service...
[2018-05-18 09:11:30] [info]  [ 1380] Service stop thread completed.
[2018-05-18 09:11:31] [info]  [ 7476] Run service finished.
[2018-05-18 09:11:31] [info]  [ 7476] Commons Daemon procrun finished
