[2018-05-31 07:57:29] [info]  [12796] Commons Daemon procrun (1.0.15.0 64-bit) started
[2018-05-31 07:57:30] [info]  [12796] Running 'Tomcat8' Service...
[2018-05-31 07:57:30] [info]  [14096] Starting service...
[2018-05-31 07:57:32] [info]  [14096] Service started in 1803 ms.
[2018-05-31 08:03:27] [info]  [ 2020] Stopping service...
[2018-05-31 08:03:29] [info]  [ 2020] Service stop thread completed.
[2018-05-31 08:03:29] [info]  [12796] Run service finished.
[2018-05-31 08:03:30] [info]  [12796] Commons Daemon procrun finished
[2018-05-31 12:03:56] [info]  [13552] Commons Daemon procrun (1.0.15.0 64-bit) started
[2018-05-31 12:03:57] [info]  [13552] Running 'Tomcat8' Service...
[2018-05-31 12:03:57] [info]  [14840] Starting service...
[2018-05-31 12:03:59] [info]  [14840] Service started in 2023 ms.
[2018-05-31 12:05:52] [info]  [13384] Stopping service...
[2018-05-31 12:05:54] [info]  [13384] Service stop thread completed.
[2018-05-31 12:05:54] [info]  [13552] Run service finished.
[2018-05-31 12:05:54] [info]  [13552] Commons Daemon procrun finished
[2018-05-31 12:06:04] [info]  [12500] Commons Daemon procrun (1.0.15.0 64-bit) started
[2018-05-31 12:06:04] [info]  [12500] Running 'Tomcat8' Service...
[2018-05-31 12:06:04] [info]  [ 5624] Starting service...
[2018-05-31 12:06:05] [info]  [ 5624] Service started in 1235 ms.
[2018-05-31 12:32:30] [info]  [ 4976] Stopping service...
[2018-05-31 12:32:31] [info]  [ 4976] Service stop thread completed.
[2018-05-31 12:32:32] [info]  [12500] Run service finished.
[2018-05-31 12:32:32] [info]  [12500] Commons Daemon procrun finished
[2018-05-31 16:03:17] [info]  [ 7348] Commons Daemon procrun (1.0.15.0 64-bit) started
[2018-05-31 16:03:18] [info]  [ 7348] Running 'Tomcat8' Service...
[2018-05-31 16:03:18] [info]  [ 5688] Starting service...
[2018-05-31 16:03:20] [info]  [ 5688] Service started in 2032 ms.
[2018-05-31 16:06:38] [info]  [14060] Stopping service...
[2018-05-31 16:06:39] [info]  [14060] Service stop thread completed.
[2018-05-31 16:06:39] [info]  [ 7348] Run service finished.
[2018-05-31 16:06:39] [info]  [ 7348] Commons Daemon procrun finished
[2018-05-31 16:06:49] [info]  [ 5200] Commons Daemon procrun (1.0.15.0 64-bit) started
[2018-05-31 16:06:49] [info]  [ 5200] Running 'Tomcat8' Service...
[2018-05-31 16:06:49] [info]  [10584] Starting service...
[2018-05-31 16:06:51] [info]  [10584] Service started in 1207 ms.
[2018-05-31 16:07:39] [info]  [ 4448] Stopping service...
[2018-05-31 16:07:40] [info]  [ 4448] Service stop thread completed.
[2018-05-31 16:07:41] [info]  [ 5200] Run service finished.
[2018-05-31 16:07:41] [info]  [ 5200] Commons Daemon procrun finished
[2018-05-31 16:07:51] [info]  [ 7444] Commons Daemon procrun (1.0.15.0 64-bit) started
[2018-05-31 16:07:52] [info]  [ 7444] Running 'Tomcat8' Service...
[2018-05-31 16:07:52] [info]  [ 9636] Starting service...
[2018-05-31 16:07:53] [info]  [ 9636] Service started in 1229 ms.
[2018-05-31 16:08:29] [info]  [ 2408] Stopping service...
[2018-05-31 16:08:30] [info]  [ 2408] Service stop thread completed.
[2018-05-31 16:08:30] [info]  [ 7444] Run service finished.
[2018-05-31 16:08:30] [info]  [ 7444] Commons Daemon procrun finished
[2018-05-31 16:09:17] [info]  [11904] Commons Daemon procrun (1.0.15.0 64-bit) started
[2018-05-31 16:09:17] [info]  [11904] Running 'Tomcat8' Service...
[2018-05-31 16:09:17] [info]  [ 5808] Starting service...
[2018-05-31 16:09:19] [info]  [ 5808] Service started in 1219 ms.
[2018-05-31 16:12:09] [info]  [15292] Stopping service...
[2018-05-31 16:12:10] [info]  [15292] Service stop thread completed.
[2018-05-31 16:12:10] [info]  [11904] Run service finished.
[2018-05-31 16:12:10] [info]  [11904] Commons Daemon procrun finished
[2018-05-31 16:13:25] [info]  [ 8412] Commons Daemon procrun (1.0.15.0 64-bit) started
[2018-05-31 16:13:25] [info]  [ 8412] Running 'Tomcat8' Service...
[2018-05-31 16:13:25] [info]  [ 9484] Starting service...
[2018-05-31 16:13:27] [info]  [ 9484] Service started in 1243 ms.
[2018-05-31 16:14:41] [info]  [ 5252] Stopping service...
[2018-05-31 16:14:42] [info]  [ 5252] Service stop thread completed.
[2018-05-31 16:14:42] [info]  [ 8412] Run service finished.
[2018-05-31 16:14:42] [info]  [ 8412] Commons Daemon procrun finished
[2018-05-31 16:17:49] [info]  [11476] Commons Daemon procrun (1.0.15.0 64-bit) started
[2018-05-31 16:17:50] [info]  [11476] Running 'Tomcat8' Service...
[2018-05-31 16:17:50] [info]  [ 4476] Starting service...
[2018-05-31 16:17:51] [info]  [ 4476] Service started in 1218 ms.
[2018-05-31 16:18:55] [info]  [ 7056] Stopping service...
[2018-05-31 16:18:56] [info]  [ 7056] Service stop thread completed.
[2018-05-31 16:18:56] [info]  [11476] Run service finished.
[2018-05-31 16:18:56] [info]  [11476] Commons Daemon procrun finished
[2018-05-31 16:19:05] [info]  [ 1108] Commons Daemon procrun (1.0.15.0 64-bit) started
[2018-05-31 16:19:05] [info]  [ 1108] Running 'Tomcat8' Service...
[2018-05-31 16:19:05] [info]  [ 1980] Starting service...
[2018-05-31 16:19:07] [info]  [ 1980] Service started in 1212 ms.
[2018-05-31 16:25:16] [info]  [ 6360] Stopping service...
[2018-05-31 16:25:17] [info]  [ 6360] Service stop thread completed.
[2018-05-31 16:25:17] [info]  [ 1108] Run service finished.
[2018-05-31 16:25:18] [info]  [ 1108] Commons Daemon procrun finished
[2018-05-31 16:25:34] [info]  [ 6296] Commons Daemon procrun (1.0.15.0 64-bit) started
[2018-05-31 16:25:34] [info]  [ 6296] Running 'Tomcat8' Service...
[2018-05-31 16:25:34] [info]  [  736] Starting service...
[2018-05-31 16:25:35] [info]  [  736] Service started in 1224 ms.
[2018-05-31 16:26:20] [info]  [ 9808] Stopping service...
[2018-05-31 16:26:21] [info]  [ 9808] Service stop thread completed.
[2018-05-31 16:26:22] [info]  [ 6296] Run service finished.
[2018-05-31 16:26:22] [info]  [ 6296] Commons Daemon procrun finished
[2018-05-31 16:26:39] [info]  [13036] Commons Daemon procrun (1.0.15.0 64-bit) started
[2018-05-31 16:26:39] [info]  [13036] Running 'Tomcat8' Service...
[2018-05-31 16:26:39] [info]  [10884] Starting service...
[2018-05-31 16:26:40] [info]  [10884] Service started in 1236 ms.
[2018-05-31 16:28:03] [info]  [ 5292] Stopping service...
[2018-05-31 16:28:04] [info]  [ 5292] Service stop thread completed.
[2018-05-31 16:28:04] [info]  [13036] Run service finished.
[2018-05-31 16:28:04] [info]  [13036] Commons Daemon procrun finished
[2018-05-31 16:28:36] [info]  [12844] Commons Daemon procrun (1.0.15.0 64-bit) started
[2018-05-31 16:28:37] [info]  [12844] Running 'Tomcat8' Service...
[2018-05-31 16:28:37] [info]  [ 7264] Starting service...
[2018-05-31 16:28:38] [info]  [ 7264] Service started in 1294 ms.
[2018-05-31 16:32:26] [info]  [ 8604] Stopping service...
[2018-05-31 16:32:27] [info]  [ 8604] Service stop thread completed.
[2018-05-31 16:32:27] [info]  [12844] Run service finished.
[2018-05-31 16:32:27] [info]  [12844] Commons Daemon procrun finished
[2018-05-31 16:32:38] [info]  [10640] Commons Daemon procrun (1.0.15.0 64-bit) started
[2018-05-31 16:32:39] [info]  [10640] Running 'Tomcat8' Service...
[2018-05-31 16:32:39] [info]  [11728] Starting service...
[2018-05-31 16:32:40] [info]  [11728] Service started in 1217 ms.
[2018-05-31 16:34:28] [info]  [ 4452] Stopping service...
[2018-05-31 16:34:29] [info]  [ 4452] Service stop thread completed.
[2018-05-31 16:34:30] [info]  [10640] Run service finished.
[2018-05-31 16:34:30] [info]  [10640] Commons Daemon procrun finished
[2018-05-31 17:47:47] [info]  [ 8616] Commons Daemon procrun (1.0.15.0 64-bit) started
[2018-05-31 17:47:47] [info]  [ 8616] Running 'Tomcat8' Service...
[2018-05-31 17:47:47] [info]  [ 8840] Starting service...
[2018-05-31 17:47:49] [info]  [ 8840] Service started in 1235 ms.
[2018-05-31 17:47:50] [info]  [ 8616] Run service finished.
[2018-05-31 17:47:50] [info]  [ 8616] Commons Daemon procrun finished
[2018-05-31 17:47:56] [info]  [15124] Commons Daemon procrun (1.0.15.0 64-bit) started
[2018-05-31 17:47:56] [info]  [15124] Running 'Tomcat8' Service...
[2018-05-31 17:47:56] [info]  [ 8736] Starting service...
[2018-05-31 17:47:57] [info]  [ 8736] Service started in 1227 ms.
[2018-05-31 17:47:58] [info]  [15124] Run service finished.
[2018-05-31 17:47:59] [info]  [15124] Commons Daemon procrun finished
[2018-05-31 17:48:21] [info]  [ 8348] Commons Daemon procrun (1.0.15.0 64-bit) started
[2018-05-31 17:48:21] [info]  [ 8348] Running 'Tomcat8' Service...
[2018-05-31 17:48:21] [info]  [ 8320] Starting service...
[2018-05-31 17:48:22] [info]  [ 8320] Service started in 1255 ms.
[2018-05-31 17:48:23] [info]  [ 8348] Run service finished.
[2018-05-31 17:48:23] [info]  [ 8348] Commons Daemon procrun finished
[2018-05-31 17:48:50] [info]  [ 9172] Commons Daemon procrun (1.0.15.0 64-bit) started
[2018-05-31 17:48:50] [info]  [ 9172] Running 'Tomcat8' Service...
[2018-05-31 17:48:50] [info]  [ 9264] Starting service...
[2018-05-31 17:48:51] [info]  [ 9264] Service started in 1244 ms.
[2018-05-31 17:48:53] [info]  [ 9172] Run service finished.
[2018-05-31 17:48:53] [info]  [ 9172] Commons Daemon procrun finished
[2018-05-31 17:49:11] [info]  [11012] Commons Daemon procrun (1.0.15.0 64-bit) started
[2018-05-31 17:49:11] [info]  [11012] Running 'Tomcat8' Service...
[2018-05-31 17:49:11] [info]  [ 9428] Starting service...
[2018-05-31 17:49:12] [info]  [ 9428] Service started in 1237 ms.
[2018-05-31 18:17:13] [info]  [10480] Stopping service...
[2018-05-31 18:17:14] [info]  [10480] Service stop thread completed.
[2018-05-31 18:17:14] [info]  [11012] Run service finished.
[2018-05-31 18:17:14] [info]  [11012] Commons Daemon procrun finished
[2018-05-31 18:17:29] [info]  [ 4604] Commons Daemon procrun (1.0.15.0 64-bit) started
[2018-05-31 18:17:29] [info]  [ 4604] Running 'Tomcat8' Service...
[2018-05-31 18:17:29] [info]  [ 8808] Starting service...
[2018-05-31 18:17:30] [info]  [ 8808] Service started in 1244 ms.
[2018-05-31 19:16:59] [info]  [11492] Stopping service...
[2018-05-31 19:17:00] [info]  [11492] Service stop thread completed.
[2018-05-31 19:17:01] [info]  [ 4604] Run service finished.
[2018-05-31 19:17:01] [info]  [ 4604] Commons Daemon procrun finished
[2018-05-31 19:17:11] [info]  [10596] Commons Daemon procrun (1.0.15.0 64-bit) started
[2018-05-31 19:17:11] [info]  [10596] Running 'Tomcat8' Service...
[2018-05-31 19:17:11] [info]  [ 8116] Starting service...
[2018-05-31 19:17:12] [info]  [ 8116] Service started in 1228 ms.
[2018-05-31 19:17:58] [info]  [14964] Stopping service...
[2018-05-31 19:17:59] [info]  [14964] Service stop thread completed.
[2018-05-31 19:17:59] [info]  [10596] Run service finished.
[2018-05-31 19:17:59] [info]  [10596] Commons Daemon procrun finished
[2018-05-31 19:18:08] [info]  [  848] Commons Daemon procrun (1.0.15.0 64-bit) started
[2018-05-31 19:18:08] [info]  [  848] Running 'Tomcat8' Service...
[2018-05-31 19:18:08] [info]  [ 8508] Starting service...
[2018-05-31 19:18:10] [info]  [ 8508] Service started in 1232 ms.
[2018-05-31 19:19:15] [info]  [ 6528] Stopping service...
[2018-05-31 19:19:17] [info]  [ 6528] Service stop thread completed.
[2018-05-31 19:19:17] [info]  [  848] Run service finished.
[2018-05-31 19:19:17] [info]  [  848] Commons Daemon procrun finished
