
2018-05-31 07:57:30 Commons Daemon procrun stdout initialized

2018-05-31 12:03:57 Commons Daemon procrun stdout initialized
Servlet1()

2018-05-31 12:06:04 Commons Daemon procrun stdout initialized
Servlet1()
inti()
service
Servlet-10 begin through sop
from Servlt-11 through sop:sarrika:akirras
Servlet-10 end through sop
Servlet-10 begin through sop
from Servlt-11 through sop:sarrika:akirras
Servlet-10 end through sop
destroy()

2018-05-31 16:03:18 Commons Daemon procrun stdout initialized

2018-05-31 16:06:49 Commons Daemon procrun stdout initialized

2018-05-31 16:07:52 Commons Daemon procrun stdout initialized

2018-05-31 16:09:17 Commons Daemon procrun stdout initialized

2018-05-31 16:13:25 Commons Daemon procrun stdout initialized

2018-05-31 16:17:50 Commons Daemon procrun stdout initialized

2018-05-31 16:19:05 Commons Daemon procrun stdout initialized

2018-05-31 16:25:34 Commons Daemon procrun stdout initialized

2018-05-31 16:26:39 Commons Daemon procrun stdout initialized

2018-05-31 16:28:37 Commons Daemon procrun stdout initialized

2018-05-31 16:32:39 Commons Daemon procrun stdout initialized

2018-05-31 17:47:47 Commons Daemon procrun stdout initialized

2018-05-31 17:47:56 Commons Daemon procrun stdout initialized

2018-05-31 17:48:21 Commons Daemon procrun stdout initialized

2018-05-31 17:48:50 Commons Daemon procrun stdout initialized

2018-05-31 17:49:11 Commons Daemon procrun stdout initialized

2018-05-31 18:17:29 Commons Daemon procrun stdout initialized

2018-05-31 19:17:11 Commons Daemon procrun stdout initialized

2018-05-31 19:18:08 Commons Daemon procrun stdout initialized
