
2018-05-22 07:12:19 Commons Daemon procrun stdout initialized

2018-05-22 07:47:15 Commons Daemon procrun stdout initialized
from Servlt-11 through sop:null:null

2018-05-22 07:52:29 Commons Daemon procrun stdout initialized
Servlet-10 begin through sop
from Servlt-11 through sop:hello:olleh
Servlet-10 end through sop

2018-05-22 07:55:25 Commons Daemon procrun stdout initialized
Servlet-10 begin through sop
from Servlt-11 through sop:abc:cba
Servlet-10 end through sop
Servlet-10 begin through sop
from Servlt-11 through sop:abc:cba
Servlet-10 end through sop

2018-05-22 07:59:44 Commons Daemon procrun stdout initialized
Servlet-10 begin through sop
from Servlt-11 through sop:abc:cba
Servlet-10 end through sop

2018-05-22 08:02:16 Commons Daemon procrun stdout initialized
Servlet-10 begin through sop
Servlet-10 end through sop
from Servlt-11 through sop:null:null

2018-05-22 08:03:35 Commons Daemon procrun stdout initialized
Servlet-10 begin through sop
Servlet-10 end through sop

2018-05-22 08:04:55 Commons Daemon procrun stdout initialized
Servlet-14 begin through sop
Servlet-14 end through sop

2018-05-22 08:06:34 Commons Daemon procrun stdout initialized
Servlet-14 begin through sop
Servlet-14 end through sop

2018-05-22 08:31:15 Commons Daemon procrun stdout initialized

2018-05-22 08:35:51 Commons Daemon procrun stdout initialized
