
2018-05-18 08:17:09 Commons Daemon procrun stdout initialized
Servlet-10 begin through sop
from Servlt-11 through sop:hello:olleh
Servlet-10 end through sop

2018-05-18 08:27:40 Commons Daemon procrun stdout initialized
Servlet-10 begin through sop
from Servlt-11 through sop:sai:ias
Servlet-10 end through sop

2018-05-18 08:34:08 Commons Daemon procrun stdout initialized
Servlet-10 begin through sop
from Servlt-11 through sop:kumar:ramuk
Servlet-10 end through sop

2018-05-18 08:38:42 Commons Daemon procrun stdout initialized
Servlet-10 begin through sop
from Servlt-11 through sop:lara:aral
Servlet-10 end through sop
Servlet-10 begin through sop
from Servlt-11 through sop:lara:aral
Servlet-10 end through sop
Servlet-10 begin through sop
from Servlt-11 through sop:lara:aral
Servlet-10 end through sop
Servlet-10 begin through sop
from Servlt-11 through sop:lara:aral
Servlet-10 end through sop
Servlet-10 begin through sop
from Servlt-11 through sop:lara:aral
Servlet-10 end through sop
Servlet-10 begin through sop
from Servlt-11 through sop:lara:aral
Servlet-10 end through sop
Servlet-10 begin through sop
from Servlt-11 through sop:lara:aral
Servlet-10 end through sop
Servlet-10 begin through sop
from Servlt-11 through sop:lara:aral
Servlet-10 end through sop
Servlet-10 begin through sop
from Servlt-11 through sop:lara:aral
Servlet-10 end through sop
Servlet-10 begin through sop
from Servlt-11 through sop:lara:aral
Servlet-10 end through sop
Servlet-10 begin through sop
from Servlt-11 through sop:lara:aral
Servlet-10 end through sop
Servlet-10 begin through sop
from Servlt-11 through sop:lara:aral
Servlet-10 end through sop
Servlet-10 begin through sop
from Servlt-11 through sop:lara:aral
Servlet-10 end through sop
Servlet-10 begin through sop
from Servlt-11 through sop:lara:aral
Servlet-10 end through sop
Servlet-10 begin through sop
from Servlt-11 through sop:lara:aral
Servlet-10 end through sop
Servlet-10 begin through sop
from Servlt-11 through sop:lara:aral
Servlet-10 end through sop
Servlet-10 begin through sop
from Servlt-11 through sop:lara:aral
Servlet-10 end through sop
Servlet-10 begin through sop
from Servlt-11 through sop:lara:aral
Servlet-10 end through sop
Servlet-10 begin through sop
from Servlt-11 through sop:lara:aral
Servlet-10 end through sop
Servlet-10 begin through sop
from Servlt-11 through sop:lara:aral
Servlet-10 end through sop
Servlet-10 begin through sop
from Servlt-11 through sop:lara:aral
Servlet-10 end through sop
Servlet-10 begin through sop
from Servlt-11 through sop:lara:aral
Servlet-10 end through sop
Servlet-10 begin through sop
from Servlt-11 through sop:lara:aral
Servlet-10 end through sop
Servlet-10 begin through sop
from Servlt-11 through sop:lara:aral
Servlet-10 end through sop
Servlet-10 begin through sop
from Servlt-11 through sop:lara:aral
Servlet-10 end through sop
Servlet-10 begin through sop
from Servlt-11 through sop:lara:aral
Servlet-10 end through sop
Servlet-10 begin through sop
from Servlt-11 through sop:lara:aral
Servlet-10 end through sop
Servlet-10 begin through sop
from Servlt-11 through sop:lara:aral
Servlet-10 end through sop
Servlet-10 begin through sop
from Servlt-11 through sop:lara:aral
Servlet-10 end through sop
Servlet-10 begin through sop
from Servlt-11 through sop:lara:aral
Servlet-10 end through sop
Servlet-10 begin through sop
from Servlt-11 through sop:lara:aral
Servlet-10 end through sop
Servlet-10 begin through sop
from Servlt-11 through sop:lara:aral
Servlet-10 end through sop
Servlet-10 begin through sop
from Servlt-11 through sop:lara:aral
Servlet-10 end through sop
Servlet-10 begin through sop
from Servlt-11 through sop:lara:aral
Servlet-10 end through sop
Servlet-10 begin through sop
from Servlt-11 through sop:lara:aral
Servlet-10 end through sop
Servlet-10 begin through sop
from Servlt-11 through sop:lara:aral
Servlet-10 end through sop
Servlet-10 begin through sop
from Servlt-11 through sop:lara:aral
Servlet-10 end through sop
Servlet-10 begin through sop
from Servlt-11 through sop:lara:aral
Servlet-10 end through sop
Servlet-10 begin through sop
from Servlt-11 through sop:lara:aral
Servlet-10 end through sop
Servlet-10 begin through sop
from Servlt-11 through sop:lara:aral
Servlet-10 end through sop
Servlet-10 begin through sop
from Servlt-11 through sop:lara:aral
Servlet-10 end through sop
Servlet-10 begin through sop
from Servlt-11 through sop:lara:aral
Servlet-10 end through sop
Servlet-10 begin through sop
from Servlt-11 through sop:lara:aral
Servlet-10 end through sop
Servlet-10 begin through sop
from Servlt-11 through sop:lara:aral
Servlet-10 end through sop
Servlet-10 begin through sop
from Servlt-11 through sop:lara:aral
Servlet-10 end through sop
Servlet-10 begin through sop
from Servlt-11 through sop:lara:aral
Servlet-10 end through sop
Servlet-10 begin through sop
from Servlt-11 through sop:lara:aral
Servlet-10 end through sop
Servlet-10 begin through sop
from Servlt-11 through sop:lara:aral
Servlet-10 end through sop
Servlet-10 begin through sop
from Servlt-11 through sop:lara:aral
Servlet-10 end through sop
Servlet-10 begin through sop
from Servlt-11 through sop:lara:aral
Servlet-10 end through sop
Servlet-10 begin through sop
from Servlt-11 through sop:lara:aral
Servlet-10 end through sop
Servlet-10 begin through sop
from Servlt-11 through sop:lara:aral
Servlet-10 end through sop
Servlet-10 begin through sop
from Servlt-11 through sop:lara:aral
Servlet-10 end through sop
Servlet-10 begin through sop
from Servlt-11 through sop:lara:aral
Servlet-10 end through sop
Servlet-10 begin through sop
from Servlt-11 through sop:lara:aral
Servlet-10 end through sop
Servlet-10 begin through sop
from Servlt-11 through sop:lara:aral
Servlet-10 end through sop
Servlet-10 begin through sop
from Servlt-11 through sop:lara:aral
Servlet-10 end through sop
Servlet-10 begin through sop
from Servlt-11 through sop:lara:aral
Servlet-10 end through sop
Servlet-10 begin through sop
from Servlt-11 through sop:lara:aral
Servlet-10 end through sop
Servlet-10 begin through sop
from Servlt-11 through sop:lara:aral
Servlet-10 end through sop
Servlet-10 begin through sop
from Servlt-11 through sop:lara:aral
Servlet-10 end through sop
Servlet-10 begin through sop
from Servlt-11 through sop:lara:aral
Servlet-10 end through sop
Servlet-10 begin through sop
from Servlt-11 through sop:lara:aral
Servlet-10 end through sop
Servlet-10 begin through sop
from Servlt-11 through sop:lara:aral
Servlet-10 end through sop
Servlet-10 begin through sop
from Servlt-11 through sop:lara:aral
Servlet-10 end through sop
Servlet-10 begin through sop
from Servlt-11 through sop:lara:aral
Servlet-10 end through sop
Servlet-10 begin through sop
from Servlt-11 through sop:lara:aral
Servlet-10 end through sop
Servlet-10 begin through sop
from Servlt-11 through sop:lara:aral
Servlet-10 end through sop
Servlet-10 begin through sop
from Servlt-11 through sop:lara:aral
Servlet-10 end through sop
Servlet-10 begin through sop
from Servlt-11 through sop:lara:aral
Servlet-10 end through sop
Servlet-10 begin through sop
from Servlt-11 through sop:lara:aral
Servlet-10 end through sop
Servlet-10 begin through sop
from Servlt-11 through sop:lara:aral
Servlet-10 end through sop
Servlet-10 begin through sop
from Servlt-11 through sop:lara:aral
Servlet-10 end through sop
Servlet-10 begin through sop
from Servlt-11 through sop:lara:aral
Servlet-10 end through sop
Servlet-10 begin through sop
from Servlt-11 through sop:lara:aral
Servlet-10 end through sop
Servlet-10 begin through sop
from Servlt-11 through sop:lara:aral
Servlet-10 end through sop
Servlet-10 begin through sop
from Servlt-11 through sop:lara:aral
Servlet-10 end through sop
Servlet-10 begin through sop
from Servlt-11 through sop:lara:aral
Servlet-10 end through sop
Servlet-10 begin through sop
from Servlt-11 through sop:lara:aral
Servlet-10 end through sop
Servlet-10 begin through sop
from Servlt-11 through sop:lara:aral
Servlet-10 end through sop
Servlet-10 begin through sop
from Servlt-11 through sop:lara:aral
Servlet-10 end through sop
Servlet-10 begin through sop
from Servlt-11 through sop:lara:aral
Servlet-10 end through sop
Servlet-10 begin through sop
from Servlt-11 through sop:lara:aral
Servlet-10 end through sop
Servlet-10 begin through sop
from Servlt-11 through sop:lara:aral
Servlet-10 end through sop
Servlet-10 begin through sop
from Servlt-11 through sop:lara:aral
Servlet-10 end through sop
Servlet-10 begin through sop
from Servlt-11 through sop:lara:aral
Servlet-10 end through sop
Servlet-10 begin through sop
from Servlt-11 through sop:lara:aral
Servlet-10 end through sop
Servlet-10 begin through sop
from Servlt-11 through sop:lara:aral
Servlet-10 end through sop
Servlet-10 begin through sop
from Servlt-11 through sop:lara:aral
Servlet-10 end through sop
Servlet-10 begin through sop
from Servlt-11 through sop:lara:aral
Servlet-10 end through sop
Servlet-10 begin through sop
from Servlt-11 through sop:hello:olleh
Servlet-10 end through sop
Servlet-10 begin through sop
from Servlt-11 through sop:hello:olleh
Servlet-10 end through sop
Servlet-10 begin through sop
from Servlt-11 through sop:hello:olleh
Servlet-10 end through sop
Servlet-10 begin through sop
from Servlt-11 through sop:hello:olleh
Servlet-10 end through sop
Servlet-10 begin through sop
from Servlt-11 through sop:hello:olleh
Servlet-10 end through sop

2018-05-18 08:43:25 Commons Daemon procrun stdout initialized
Servlet-10 begin through sop
from Servlt-11 through sop:abc:cba
Servlet-10 end through sop
Servlet-10 begin through sop
from Servlt-11 through sop:abc:cba
Servlet-10 end through sop
Servlet-10 begin through sop
from Servlt-11 through sop:abc:cba
Servlet-10 end through sop
Servlet-10 begin through sop
from Servlt-11 through sop:abc:cba
Servlet-10 end through sop
Servlet-10 begin through sop
from Servlt-11 through sop:abc:cba
Servlet-10 end through sop
Servlet-10 begin through sop
from Servlt-11 through sop:abc:cba
Servlet-10 end through sop

2018-05-18 09:01:12 Commons Daemon procrun stdout initialized
Servlet-12 begin through sop
from Servlt-13 through sop:world:dlrow
Servlet-12 end through sop
